<?xml version="1.0" encoding="UTF-8"?>
<!-- Generated by org.testng.reporters.JUnitReportReporter -->
<testsuite hostname="Shraddha" name="com.Ranfordbank.master.Exepom" tests="1" failures="0" timestamp="4 Dec 2017 18:43:05 GMT" time="90.984" errors="0">
  <testcase name="pom" time="90.984" classname="com.Ranfordbank.master.Exepom"/>
</testsuite> <!-- com.Ranfordbank.master.Exepom -->
