<?xml version="1.0" encoding="UTF-8"?>
<!-- Generated by org.testng.reporters.JUnitReportReporter -->
<testsuite hostname="Shraddha" name="com.Ranfordbank.master.BranchTNG" tests="3" failures="0" timestamp="30 Nov 2017 19:26:03 GMT" time="79.802" errors="0">
  <testcase name="Branch" time="27.569" classname="com.Ranfordbank.master.BranchTNG"/>
  <testcase name="Branch" time="26.042" classname="com.Ranfordbank.master.BranchTNG"/>
  <testcase name="Branch" time="26.191" classname="com.Ranfordbank.master.BranchTNG"/>
</testsuite> <!-- com.Ranfordbank.master.BranchTNG -->
