<?xml version="1.0" encoding="UTF-8"?>
<!-- Generated by org.testng.reporters.JUnitReportReporter -->
<testsuite hostname="Shraddha" name="com.Ranfordbank.scripts.SampleTNG" tests="3" failures="0" timestamp="29 Nov 2017 20:17:45 GMT" time="0.045" errors="0">
  <testcase name="pqr" time="0.004" classname="com.Ranfordbank.scripts.SampleTNG"/>
  <testcase name="abc" time="0.007" classname="com.Ranfordbank.scripts.SampleTNG"/>
  <testcase name="xyz" time="0.034" classname="com.Ranfordbank.scripts.SampleTNG"/>
</testsuite> <!-- com.Ranfordbank.scripts.SampleTNG -->
