<?xml version="1.0" encoding="UTF-8"?>
<!-- Generated by org.testng.reporters.JUnitReportReporter -->
<testsuite hostname="Shraddha" name="com.Ranfordbank.master.RoleTNG" tests="4" failures="0" timestamp="30 Nov 2017 19:26:03 GMT" time="88.969" errors="0">
  <testcase name="Rolecre" time="22.363" classname="com.Ranfordbank.master.RoleTNG"/>
  <testcase name="Rolecre" time="22.177" classname="com.Ranfordbank.master.RoleTNG"/>
  <testcase name="Rolecre" time="22.167" classname="com.Ranfordbank.master.RoleTNG"/>
  <testcase name="Rolecre" time="22.262" classname="com.Ranfordbank.master.RoleTNG"/>
</testsuite> <!-- com.Ranfordbank.master.RoleTNG -->
