<?xml version="1.0" encoding="UTF-8"?>
<!-- Generated by org.testng.reporters.JUnitReportReporter -->
<testsuite hostname="Shraddha" name="com.Ranfordbank.master.EmpTNG" tests="5" failures="0" timestamp="30 Nov 2017 19:26:03 GMT" time="101.464" errors="0">
  <testcase name="Empcreate" time="20.152" classname="com.Ranfordbank.master.EmpTNG"/>
  <testcase name="Empcreate" time="20.374" classname="com.Ranfordbank.master.EmpTNG"/>
  <testcase name="Empcreate" time="20.160" classname="com.Ranfordbank.master.EmpTNG"/>
  <testcase name="Empcreate" time="20.288" classname="com.Ranfordbank.master.EmpTNG"/>
  <testcase name="Empcreate" time="20.490" classname="com.Ranfordbank.master.EmpTNG"/>
</testsuite> <!-- com.Ranfordbank.master.EmpTNG -->
